<?xml version="1.0" encoding="UTF-8"?>
<!-- Generated by org.testng.reporters.JUnitXMLReporter -->
<testsuite hostname="DESKTOP-6N2FK7G" name="Test" tests="4" failures="0" timestamp="29 Jan 2023 16:46:51 GMT" time="44.475" errors="0">
  <testcase name="Helpform" time="7.017" classname="Academy.BaseElement"/>
  <testcase name="Timer" time="3.4" classname="Academy.BaseElement"/>
  <testcase name="ValidPassword" time="12.49" classname="Academy.BaseElement"/>
  <testcase name="InvalidPassword" time="17.482" classname="Academy.BaseElement"/>
</testsuite> <!-- Test -->
