<?xml version="1.0" encoding="UTF-8"?>
<testng-results skipped="0" failed="0" total="4" passed="4">
  <reporter-output>
  </reporter-output>
  <suite name="Suite" duration-ms="44475" started-at="2023-01-29T16:46:07Z" finished-at="2023-01-29T16:46:51Z">
    <groups>
    </groups>
    <test name="Test" duration-ms="44475" started-at="2023-01-29T16:46:07Z" finished-at="2023-01-29T16:46:51Z">
      <class name="Academy.BaseElement">
        <test-method status="PASS" signature="setDriver()[pri:0, instance:Academy.BaseElement@79b4d0f]" name="setDriver" is-config="true" duration-ms="3431" started-at="2023-01-29T22:46:04Z" finished-at="2023-01-29T22:46:07Z">
          <reporter-output>
          </reporter-output>
        </test-method> <!-- setDriver -->
        <test-method status="PASS" signature="InitializedDriver()[pri:0, instance:Academy.BaseElement@79b4d0f]" name="InitializedDriver" is-config="true" duration-ms="4054" started-at="2023-01-29T22:46:07Z" finished-at="2023-01-29T22:46:11Z">
          <reporter-output>
          </reporter-output>
        </test-method> <!-- InitializedDriver -->
        <test-method status="PASS" signature="Helpform()[pri:0, instance:Academy.BaseElement@79b4d0f]" name="Helpform" duration-ms="7017" started-at="2023-01-29T22:46:11Z" finished-at="2023-01-29T22:46:18Z">
          <reporter-output>
          </reporter-output>
        </test-method> <!-- Helpform -->
        <test-method status="PASS" signature="Timer()[pri:0, instance:Academy.BaseElement@79b4d0f]" name="Timer" duration-ms="3400" started-at="2023-01-29T22:46:18Z" finished-at="2023-01-29T22:46:21Z">
          <reporter-output>
          </reporter-output>
        </test-method> <!-- Timer -->
        <test-method status="PASS" signature="ValidPassword()[pri:0, instance:Academy.BaseElement@79b4d0f]" name="ValidPassword" duration-ms="12490" started-at="2023-01-29T22:46:21Z" finished-at="2023-01-29T22:46:34Z">
          <reporter-output>
          </reporter-output>
        </test-method> <!-- ValidPassword -->
        <test-method status="PASS" signature="InvalidPassword(java.lang.String)[pri:0, instance:Academy.BaseElement@79b4d0f]" name="InvalidPassword" duration-ms="17482" started-at="2023-01-29T22:46:34Z" finished-at="2023-01-29T22:46:51Z">
          <params>
            <param index="0">
              <value>
                <![CDATA[123456]]>
              </value>
            </param>
          </params>
          <reporter-output>
          </reporter-output>
        </test-method> <!-- InvalidPassword -->
        <test-method status="PASS" signature="close()[pri:0, instance:Academy.BaseElement@79b4d0f]" name="close" is-config="true" duration-ms="220" started-at="2023-01-29T22:46:51Z" finished-at="2023-01-29T22:46:52Z">
          <reporter-output>
          </reporter-output>
        </test-method> <!-- close -->
      </class> <!-- Academy.BaseElement -->
    </test> <!-- Test -->
  </suite> <!-- Suite -->
</testng-results>
